Setting the LD random seed to -7917348

Generated 9 of the 10 non-bonded parameter combinations

Generated 10 of the 10 1-4 parameter combinations

Excluding 1 bonded neighbours molecule type 'SOD'

turning H bonds into constraints...

Excluding 1 bonded neighbours molecule type 'CLA'

turning H bonds into constraints...

Excluding 2 bonded neighbours molecule type 'TIP3'

turning H bonds into constraints...

The largest distance between excluded atoms is 0.155 nm between atom 9076 and 9077
Calculating fourier grid dimensions for X Y Z
Using a fourier grid of 42x42x42, spacing 0.119 0.119 0.119

Estimate for the relative computational load of the PME mesh part: 0.16

This run will generate roughly 1 Mb of data
Setting the LD random seed to -402915585

Generated 9 of the 10 non-bonded parameter combinations

Generated 10 of the 10 1-4 parameter combinations

Excluding 1 bonded neighbours molecule type 'SOD'

turning H bonds into constraints...

Excluding 1 bonded neighbours molecule type 'CLA'

turning H bonds into constraints...

Excluding 2 bonded neighbours molecule type 'TIP3'

turning H bonds into constraints...

Setting gen_seed to -34080261

Velocities were taken from a Maxwell distribution at 300 K

The largest distance between excluded atoms is 0.153 nm between atom 3895 and 3896

Determining Verlet buffer for a tolerance of 0.005 kJ/mol/ps at 300 K

Calculated rlist for 1x1 atom pair-list as 1.238 nm, buffer size 0.038 nm

Set rlist, assuming 4x4 atom pair-list, to 1.200 nm, buffer size 0.000 nm

Note that mdrun will redetermine rlist based on the actual pair-list setup
Calculating fourier grid dimensions for X Y Z
Using a fourier grid of 42x42x42, spacing 0.119 0.119 0.119

Estimate for the relative computational load of the PME mesh part: 0.18

This run will generate roughly 3 Mb of data
Setting the LD random seed to -1682735622

Generated 9 of the 10 non-bonded parameter combinations

Generated 10 of the 10 1-4 parameter combinations

Excluding 1 bonded neighbours molecule type 'SOD'

turning H bonds into constraints...

Excluding 1 bonded neighbours molecule type 'CLA'

turning H bonds into constraints...

Excluding 2 bonded neighbours molecule type 'TIP3'

turning H bonds into constraints...

The largest distance between excluded atoms is 0.153 nm between atom 8659 and 8660

Determining Verlet buffer for a tolerance of 0.005 kJ/mol/ps at 300 K

Calculated rlist for 1x1 atom pair-list as 1.295 nm, buffer size 0.095 nm

Set rlist, assuming 4x4 atom pair-list, to 1.223 nm, buffer size 0.023 nm

Note that mdrun will redetermine rlist based on the actual pair-list setup
Calculating fourier grid dimensions for X Y Z
Using a fourier grid of 42x42x42, spacing 0.119 0.119 0.119

Estimate for the relative computational load of the PME mesh part: 0.17

This run will generate roughly 49 Mb of data
Setting the LD random seed to 1877179263

Generated 9 of the 10 non-bonded parameter combinations

Generated 10 of the 10 1-4 parameter combinations

Excluding 1 bonded neighbours molecule type 'SOD'

turning H bonds into constraints...

Excluding 1 bonded neighbours molecule type 'CLA'

turning H bonds into constraints...

Excluding 2 bonded neighbours molecule type 'TIP3'

turning H bonds into constraints...

The largest distance between excluded atoms is 0.153 nm between atom 1603 and 1604

Determining Verlet buffer for a tolerance of 0.005 kJ/mol/ps at 300 K

Calculated rlist for 1x1 atom pair-list as 1.295 nm, buffer size 0.095 nm

Set rlist, assuming 4x4 atom pair-list, to 1.223 nm, buffer size 0.023 nm

Note that mdrun will redetermine rlist based on the actual pair-list setup

Reading Coordinates, Velocities and Box size from old trajectory

Will read whole trajectory

Using frame at t = 1000 ps

Starting time for run is 0 ps
Calculating fourier grid dimensions for X Y Z
Using a fourier grid of 42x42x42, spacing 0.119 0.119 0.119

Estimate for the relative computational load of the PME mesh part: 0.17

This run will generate roughly 49 Mb of data
Setting the LD random seed to -42140673

Generated 9 of the 10 non-bonded parameter combinations

Generated 10 of the 10 1-4 parameter combinations

Excluding 1 bonded neighbours molecule type 'SOD'

turning H bonds into constraints...

Excluding 1 bonded neighbours molecule type 'CLA'

turning H bonds into constraints...

Excluding 2 bonded neighbours molecule type 'TIP3'

turning H bonds into constraints...

The largest distance between excluded atoms is 0.153 nm between atom 2722 and 2723

Determining Verlet buffer for a tolerance of 0.005 kJ/mol/ps at 300 K

Calculated rlist for 1x1 atom pair-list as 1.295 nm, buffer size 0.095 nm

Set rlist, assuming 4x4 atom pair-list, to 1.223 nm, buffer size 0.023 nm

Note that mdrun will redetermine rlist based on the actual pair-list setup

Reading Coordinates, Velocities and Box size from old trajectory

Will read whole trajectory

Using frame at t = 1000 ps

Starting time for run is 0 ps
Calculating fourier grid dimensions for X Y Z
Using a fourier grid of 42x42x42, spacing 0.119 0.119 0.119

Estimate for the relative computational load of the PME mesh part: 0.17

This run will generate roughly 49 Mb of data
Setting the LD random seed to 628848538

Generated 9 of the 10 non-bonded parameter combinations

Generated 10 of the 10 1-4 parameter combinations

Excluding 1 bonded neighbours molecule type 'SOD'

turning H bonds into constraints...

Excluding 1 bonded neighbours molecule type 'CLA'

turning H bonds into constraints...

Excluding 2 bonded neighbours molecule type 'TIP3'

turning H bonds into constraints...

The largest distance between excluded atoms is 0.153 nm between atom 6607 and 6608

Determining Verlet buffer for a tolerance of 0.005 kJ/mol/ps at 300 K

Calculated rlist for 1x1 atom pair-list as 1.295 nm, buffer size 0.095 nm

Set rlist, assuming 4x4 atom pair-list, to 1.223 nm, buffer size 0.023 nm

Note that mdrun will redetermine rlist based on the actual pair-list setup

Reading Coordinates, Velocities and Box size from old trajectory

Will read whole trajectory

Using frame at t = 1000 ps

Starting time for run is 0 ps
Calculating fourier grid dimensions for X Y Z
Using a fourier grid of 42x42x42, spacing 0.119 0.119 0.119

Estimate for the relative computational load of the PME mesh part: 0.17

This run will generate roughly 49 Mb of data
Setting the LD random seed to -553783314

Generated 9 of the 10 non-bonded parameter combinations

Generated 10 of the 10 1-4 parameter combinations

Excluding 1 bonded neighbours molecule type 'SOD'

turning H bonds into constraints...

Excluding 1 bonded neighbours molecule type 'CLA'

turning H bonds into constraints...

Excluding 2 bonded neighbours molecule type 'TIP3'

turning H bonds into constraints...

The largest distance between excluded atoms is 0.153 nm between atom 7570 and 7571

Determining Verlet buffer for a tolerance of 0.005 kJ/mol/ps at 300 K

Calculated rlist for 1x1 atom pair-list as 1.295 nm, buffer size 0.095 nm

Set rlist, assuming 4x4 atom pair-list, to 1.223 nm, buffer size 0.023 nm

Note that mdrun will redetermine rlist based on the actual pair-list setup

Reading Coordinates, Velocities and Box size from old trajectory

Will read whole trajectory

Using frame at t = 1000 ps

Starting time for run is 0 ps
Calculating fourier grid dimensions for X Y Z
Using a fourier grid of 42x42x42, spacing 0.119 0.119 0.119

Estimate for the relative computational load of the PME mesh part: 0.17

This run will generate roughly 49 Mb of data
