Electrostatic potential parameters

Grid information (see 1_default_grid.dat in Angstrom)
    Number of grid points:            1092

Quantum electrostatic potential (see 1_default_grid_esp.dat)

Constraints
    Charge constraints
        Total charge of   0.03737558 on the set   2
        Total charge of   0.14125808 on the set   3
        Total charge of  -0.50333577 on the set   4
        Total charge of   0.19904435 on the set   5
        Total charge of  -0.10630109 on the set   6
        Total charge of   0.37056707 on the set   7
        Total charge of  -0.49611153 on the set   8
        Total charge of  -0.06889938 on the set   9
        Total charge of   0.40594498 on the set  10
        Total charge of  -0.53247521 on the set  11
        Total charge of  -0.03370192 on the set  12
        Total charge of   0.15767581 on the set  18
    Equality constraints
        Equal charges on atoms
                                 15  16  17
                                 19  20  21
                                 22  23  24

Restraint
    Hyperbolic restraint to a charge of zero
    Hydrogen atoms are not restrained
    resp_a:                           0.0010
    resp_b:                           0.1000

Fit

Electrostatic Potential Charges
   Center  Symbol       ESP      RESP
      1    C      -0.29097766 -0.26338623
      2    N       0.03737558  0.03737558
      3    C       0.14125808  0.14125808
      4    N      -0.50333577 -0.50333577
      5    C       0.19904435  0.19904435
      6    C      -0.10630109 -0.10630109
      7    C       0.37056707  0.37056707
      8    O      -0.49611153 -0.49611153
      9    N      -0.06889938 -0.06889938
     10    C       0.40594498  0.40594498
     11    O      -0.53247521 -0.53247521
     12    N      -0.03370192 -0.03370192
     13    C      -0.01699166 -0.02684198
     14    C      -0.04573792 -0.03926732
     15    H       0.13781183  0.12907727
     16    H       0.13781183  0.12907727
     17    H       0.13781183  0.12907727
     18    H       0.15767581  0.15767581
     19    H       0.05768582  0.06031329
     20    H       0.05768582  0.06031329
     21    H       0.05768582  0.06031329
     22    H       0.06539112  0.06342763
     23    H       0.06539112  0.06342763
     24    H       0.06539112  0.06342763
Total Charge:     -0.00000000  0.00000000
