Setting the LD random seed to -322962451

Generated 1035 of the 1035 non-bonded parameter combinations

Generated 1035 of the 1035 1-4 parameter combinations

Excluding 3 bonded neighbours molecule type 'PROA'

turning H bonds into constraints...

Excluding 1 bonded neighbours molecule type 'K+'

turning H bonds into constraints...

Excluding 1 bonded neighbours molecule type 'Cl-'

turning H bonds into constraints...

Excluding 1 bonded neighbours molecule type 'OPC'

turning H bonds into constraints...

Cleaning up constraints and constant bonded interactions with virtual sites

The largest distance between excluded atoms is 0.405 nm between atom 230 and 238
Calculating fourier grid dimensions for X Y Z
Using a fourier grid of 44x44x44, spacing 0.116 0.116 0.116

Estimate for the relative computational load of the PME mesh part: 0.22

This run will generate roughly 1 Mb of data
Setting the LD random seed to -269266680

Generated 1035 of the 1035 non-bonded parameter combinations

Generated 1035 of the 1035 1-4 parameter combinations

Excluding 3 bonded neighbours molecule type 'PROA'

turning H bonds into constraints...

Excluding 1 bonded neighbours molecule type 'K+'

turning H bonds into constraints...

Excluding 1 bonded neighbours molecule type 'Cl-'

turning H bonds into constraints...

Excluding 1 bonded neighbours molecule type 'OPC'

turning H bonds into constraints...

Setting gen_seed to 511557374

Velocities were taken from a Maxwell distribution at 310 K

Cleaning up constraints and constant bonded interactions with virtual sites

The largest distance between excluded atoms is 0.405 nm between atom 230 and 238

Determining Verlet buffer for a tolerance of 0.005 kJ/mol/ps at 310 K

Calculated rlist for 1x1 atom pair-list as 0.949 nm, buffer size 0.049 nm

Set rlist, assuming 4x4 atom pair-list, to 0.913 nm, buffer size 0.013 nm

Note that mdrun will redetermine rlist based on the actual pair-list setup
Calculating fourier grid dimensions for X Y Z
Using a fourier grid of 44x44x44, spacing 0.116 0.116 0.116

Estimate for the relative computational load of the PME mesh part: 0.24

This run will generate roughly 4 Mb of data
Setting the LD random seed to 2112878492

Generated 1035 of the 1035 non-bonded parameter combinations

Generated 1035 of the 1035 1-4 parameter combinations

Excluding 3 bonded neighbours molecule type 'PROA'

turning H bonds into constraints...

Excluding 1 bonded neighbours molecule type 'K+'

turning H bonds into constraints...

Excluding 1 bonded neighbours molecule type 'Cl-'

turning H bonds into constraints...

Excluding 1 bonded neighbours molecule type 'OPC'

turning H bonds into constraints...

Cleaning up constraints and constant bonded interactions with virtual sites

The largest distance between excluded atoms is 0.424 nm between atom 467 and 475

Determining Verlet buffer for a tolerance of 0.005 kJ/mol/ps at 310 K

Calculated rlist for 1x1 atom pair-list as 1.017 nm, buffer size 0.117 nm

Set rlist, assuming 4x4 atom pair-list, to 0.951 nm, buffer size 0.051 nm

Note that mdrun will redetermine rlist based on the actual pair-list setup
Calculating fourier grid dimensions for X Y Z
Using a fourier grid of 44x44x44, spacing 0.116 0.116 0.116

Estimate for the relative computational load of the PME mesh part: 0.22

This run will generate roughly 29 Mb of data
Setting the LD random seed to -1279951617

Generated 1035 of the 1035 non-bonded parameter combinations

Generated 1035 of the 1035 1-4 parameter combinations

Excluding 3 bonded neighbours molecule type 'PROA'

turning H bonds into constraints...

Excluding 1 bonded neighbours molecule type 'K+'

turning H bonds into constraints...

Excluding 1 bonded neighbours molecule type 'Cl-'

turning H bonds into constraints...

Excluding 1 bonded neighbours molecule type 'OPC'

turning H bonds into constraints...

Cleaning up constraints and constant bonded interactions with virtual sites

The largest distance between excluded atoms is 0.416 nm between atom 467 and 475

Determining Verlet buffer for a tolerance of 0.005 kJ/mol/ps at 310 K

Calculated rlist for 1x1 atom pair-list as 1.018 nm, buffer size 0.118 nm

Set rlist, assuming 4x4 atom pair-list, to 0.953 nm, buffer size 0.053 nm

Note that mdrun will redetermine rlist based on the actual pair-list setup

Reading Coordinates, Velocities and Box size from old trajectory

Will read whole trajectory

Using frame at t = 10000 ps

Starting time for run is 0 ps
Calculating fourier grid dimensions for X Y Z
Using a fourier grid of 42x42x42, spacing 0.118 0.118 0.118

Estimate for the relative computational load of the PME mesh part: 0.20

This run will generate roughly 29 Mb of data
Setting the LD random seed to -1096941829

Generated 1035 of the 1035 non-bonded parameter combinations

Generated 1035 of the 1035 1-4 parameter combinations

Excluding 3 bonded neighbours molecule type 'PROA'

turning H bonds into constraints...

Excluding 1 bonded neighbours molecule type 'K+'

turning H bonds into constraints...

Excluding 1 bonded neighbours molecule type 'Cl-'

turning H bonds into constraints...

Excluding 1 bonded neighbours molecule type 'OPC'

turning H bonds into constraints...

Cleaning up constraints and constant bonded interactions with virtual sites

The largest distance between excluded atoms is 0.419 nm between atom 467 and 475

Determining Verlet buffer for a tolerance of 0.005 kJ/mol/ps at 310 K

Calculated rlist for 1x1 atom pair-list as 1.019 nm, buffer size 0.119 nm

Set rlist, assuming 4x4 atom pair-list, to 0.953 nm, buffer size 0.053 nm

Note that mdrun will redetermine rlist based on the actual pair-list setup

Reading Coordinates, Velocities and Box size from old trajectory

Will read whole trajectory

Using frame at t = 10000 ps

Starting time for run is 0 ps
Calculating fourier grid dimensions for X Y Z
Using a fourier grid of 42x42x42, spacing 0.118 0.118 0.118

Estimate for the relative computational load of the PME mesh part: 0.20

This run will generate roughly 29 Mb of data
Setting the LD random seed to -2154498

Generated 1035 of the 1035 non-bonded parameter combinations

Generated 1035 of the 1035 1-4 parameter combinations

Excluding 3 bonded neighbours molecule type 'PROA'

turning H bonds into constraints...

Excluding 1 bonded neighbours molecule type 'K+'

turning H bonds into constraints...

Excluding 1 bonded neighbours molecule type 'Cl-'

turning H bonds into constraints...

Excluding 1 bonded neighbours molecule type 'OPC'

turning H bonds into constraints...

Cleaning up constraints and constant bonded interactions with virtual sites

The largest distance between excluded atoms is 0.427 nm between atom 467 and 475

Determining Verlet buffer for a tolerance of 0.005 kJ/mol/ps at 310 K

Calculated rlist for 1x1 atom pair-list as 1.018 nm, buffer size 0.118 nm

Set rlist, assuming 4x4 atom pair-list, to 0.953 nm, buffer size 0.053 nm

Note that mdrun will redetermine rlist based on the actual pair-list setup

Reading Coordinates, Velocities and Box size from old trajectory

Will read whole trajectory

Using frame at t = 10000 ps

Starting time for run is 0 ps
Calculating fourier grid dimensions for X Y Z
Using a fourier grid of 42x42x42, spacing 0.119 0.119 0.119

Estimate for the relative computational load of the PME mesh part: 0.20

This run will generate roughly 29 Mb of data
Setting the LD random seed to -136782146

Generated 1035 of the 1035 non-bonded parameter combinations

Generated 1035 of the 1035 1-4 parameter combinations

Excluding 3 bonded neighbours molecule type 'PROA'

turning H bonds into constraints...

Excluding 1 bonded neighbours molecule type 'K+'

turning H bonds into constraints...

Excluding 1 bonded neighbours molecule type 'Cl-'

turning H bonds into constraints...

Excluding 1 bonded neighbours molecule type 'OPC'

turning H bonds into constraints...

Cleaning up constraints and constant bonded interactions with virtual sites

The largest distance between excluded atoms is 0.415 nm between atom 232 and 239

Determining Verlet buffer for a tolerance of 0.005 kJ/mol/ps at 310 K

Calculated rlist for 1x1 atom pair-list as 1.019 nm, buffer size 0.119 nm

Set rlist, assuming 4x4 atom pair-list, to 0.953 nm, buffer size 0.053 nm

Note that mdrun will redetermine rlist based on the actual pair-list setup

Reading Coordinates, Velocities and Box size from old trajectory

Will read whole trajectory

Using frame at t = 10000 ps

Starting time for run is 0 ps
Calculating fourier grid dimensions for X Y Z
Using a fourier grid of 42x42x42, spacing 0.118 0.118 0.118

Estimate for the relative computational load of the PME mesh part: 0.20

This run will generate roughly 29 Mb of data
